<?xml version="1.0" encoding="UTF-8"?>
<!-- Generated by org.testng.reporters.JUnitReportReporter -->
<testsuite hostname="DELL" failures="0" tests="2" name="testFiles.TestShopPage" time="32.404" errors="0" timestamp="2020-11-06T13:05:40 IST" skipped="1">
  <testcase classname="testFiles.TestShopPage" name="Bags" time="32.404"/>
  <system-out/>
  <testcase classname="testFiles.TestShopPage" name="menTshirt">
    <skipped/>
  </testcase> <!-- menTshirt -->
  <system-out/>
</testsuite> <!-- testFiles.TestShopPage -->
