<?xml version="1.0" encoding="UTF-8"?>
<!-- Generated by org.testng.reporters.JUnitReportReporter -->
<testsuite hostname="DELL" failures="0" tests="4" name="testFiles.TestHomePage" time="44.943" errors="0" timestamp="2020-11-16T12:16:10 IST" skipped="0">
  <testcase classname="testFiles.TestHomePage" name="search" time="13.159"/>
  <system-out/>
  <testcase classname="testFiles.TestHomePage" name="men" time="16.866"/>
  <system-out/>
  <testcase classname="testFiles.TestHomePage" name="women" time="6.878"/>
  <system-out/>
  <testcase classname="testFiles.TestHomePage" name="login" time="8.040"/>
  <system-out/>
</testsuite> <!-- testFiles.TestHomePage -->
